<?xml version="1.0" encoding="UTF-8"?>
<!-- Generated by org.testng.reporters.JUnitReportReporter -->
<testsuite hostname="Saranya" failures="0" tests="4" name="com.bookings.AssertObsquera" time="56.594" errors="0" timestamp="2022-08-16T20:04:19 IST" skipped="0">
  <testcase classname="com.bookings.AssertObsquera" name="MenuSelection" time="5.723"/>
  <system-out/>
  <testcase classname="com.bookings.AssertObsquera" name="FirstOption2" time="5.542"/>
  <system-out/>
  <testcase classname="com.bookings.AssertObsquera" name="SecondOption1" time="38.406"/>
  <system-out/>
  <testcase classname="com.bookings.AssertObsquera" name="FirstOption1" time="6.923"/>
  <system-out/>
</testsuite> <!-- com.bookings.AssertObsquera -->
