<?xml version="1.0" encoding="UTF-8"?>
<!-- Generated by org.testng.reporters.JUnitReportReporter -->
<testsuite hostname="Saranya" failures="0" tests="1" name="com.RegressionTestCases.SearchValidClientTest" time="4.009" errors="0" timestamp="2022-10-17T18:27:27 IST" skipped="0">
  <testcase classname="com.RegressionTestCases.SearchValidClientTest" name="SearchByID" time="4.009"/>
  <system-out/>
</testsuite> <!-- com.RegressionTestCases.SearchValidClientTest -->
