<?xml version="1.0" encoding="UTF-8"?>
<!-- Generated by org.testng.reporters.JUnitReportReporter -->
<testsuite hostname="Saranya" failures="0" tests="1" name="com.RegressionTestCases.UserLogOutTest" time="13.147" errors="0" timestamp="2022-10-17T20:35:00 IST" skipped="0">
  <testcase classname="com.RegressionTestCases.UserLogOutTest" name="userLogOut" time="13.147"/>
  <system-out/>
</testsuite> <!-- com.RegressionTestCases.UserLogOutTest -->
