<?xml version="1.0" encoding="UTF-8"?>
<!-- Generated by org.testng.reporters.JUnitReportReporter -->
<testsuite hostname="Saranya" failures="0" tests="1" name="com.RegressionTestCases.AddValidWorkerTest" time="6.737" errors="0" timestamp="2022-10-25T17:48:15 IST" skipped="0">
  <testcase classname="com.RegressionTestCases.AddValidWorkerTest" name="addBlankWorker" time="6.737"/>
  <system-out/>
</testsuite> <!-- com.RegressionTestCases.AddValidWorkerTest -->
