<?xml version="1.0" encoding="UTF-8"?>
<!-- Generated by org.testng.reporters.JUnitReportReporter -->
<testsuite hostname="Saranya" failures="0" tests="1" name="com.RegressionTestCases.VerifyUserLoginTest" time="9.047" errors="0" timestamp="2022-10-25T17:30:27 IST" skipped="0">
  <testcase classname="com.RegressionTestCases.VerifyUserLoginTest" name="validUserLoginTest" time="9.047"/>
  <system-out/>
</testsuite> <!-- com.RegressionTestCases.VerifyUserLoginTest -->
