<?xml version="1.0" encoding="UTF-8"?>
<!-- Generated by org.testng.reporters.JUnitReportReporter -->
<testsuite hostname="Saranya" failures="0" tests="1" name="com.RegressionTestCases.UserLogOutTest" time="8.911" errors="0" timestamp="2022-10-25T17:30:27 IST" skipped="0">
  <testcase classname="com.RegressionTestCases.UserLogOutTest" name="userLogOut" time="8.911"/>
  <system-out/>
</testsuite> <!-- com.RegressionTestCases.UserLogOutTest -->
