<?xml version="1.0" encoding="UTF-8"?>
<!-- Generated by org.testng.reporters.JUnitReportReporter -->
<testsuite hostname="Saranya" failures="0" tests="1" name="com.RegressionTestCases.AddValidClientTest" time="4.742" errors="0" timestamp="2022-10-12T22:17:20 IST" skipped="0">
  <testcase classname="com.RegressionTestCases.AddValidClientTest" name="addClient" time="4.742"/>
  <system-out/>
</testsuite> <!-- com.RegressionTestCases.AddValidClientTest -->
