<?xml version="1.0" encoding="UTF-8"?>
<!-- Generated by org.testng.reporters.JUnitReportReporter -->
<testsuite hostname="Saranya" failures="0" tests="1" name="com.RegressionTestCases.TimesheetGeneratePayslipTest" time="5.486" errors="0" timestamp="2022-10-17T19:44:26 IST" skipped="0">
  <testcase classname="com.RegressionTestCases.TimesheetGeneratePayslipTest" name="TimeSheetGeneratePayslip" time="5.486"/>
  <system-out/>
</testsuite> <!-- com.RegressionTestCases.TimesheetGeneratePayslipTest -->
