<?xml version="1.0" encoding="UTF-8"?>
<!-- Generated by org.testng.reporters.JUnitReportReporter -->
<testsuite hostname="Saranya" failures="0" tests="1" name="com.RegressionTestCases.VerifyUserLoginTest" time="2.337" errors="0" timestamp="2022-10-12T20:25:09 IST" skipped="0">
  <testcase classname="com.RegressionTestCases.VerifyUserLoginTest" name="validUserLoginTest" time="2.337"/>
  <system-out/>
</testsuite> <!-- com.RegressionTestCases.VerifyUserLoginTest -->
